CREATE USER SA PASSWORD "" ADMIN
/*C1*/SET SCHEMA PUBLIC
CONNECT USER SA
DROP TABLE Employees IF EXISTS
DROP TABLE Employees IF EXISTS
\u000a\u000aDROP TABLE Employee IF EXISTS
\u000aDROP TABLE Admin IF EXISTS
\u000a\u000aCREATE TABLE Admin\u000a(\u000a\u0009adminID VARCHAR(10) PRIMARY KEY,\u0009\u000a\u0009password VARCHAR(10) NOT NULL\u0009\u0009\u000a)\u000a\u000a
CREATE TABLE Employee\u000a(\u000a\u0009employeeID VARCHAR(10) PRIMARY KEY,\u0009\u000a  \u0009password VARCHAR(10) NOT NULL,\u000a \u0009name VARCHAR(16) NOT NULL\u000a)
\u000a\u000aDROP TABLE Employee IF EXISTS
\u000aDROP TABLE Admin IF EXISTS
\u000a\u000aCREATE TABLE Admin\u000a(\u000a\u0009adminID VARCHAR(10) PRIMARY KEY,\u0009\u000a\u0009password VARCHAR(10) NOT NULL\u0009\u0009\u000a)\u000a\u000a
CREATE TABLE Employee\u000a(\u000a\u0009employeeID VARCHAR(10) PRIMARY KEY,\u0009\u000a  \u0009password VARCHAR(10) NOT NULL,\u000a \u0009name VARCHAR(16) NOT NULL\u000a)
\u000a\u000aDROP TABLE Employee IF EXISTS
\u000aDROP TABLE Admin IF EXISTS
CREATE TABLE Administrator\u000a(\u000a\u0009AdminId VARCHAR(5) PRIMARY KEY,\u000a\u0009Password VARCHAR(200) NOT NULL,\u000a\u0009UNIQUE (AdminId)\u0009\u000a)
DROP TABLE Administrator if exists
DROP TABLE Administrator if exists\u000a
DROP TABLE Employeess if exists\u000a\u000a
CREATE TABLE Administrator\u000a(\u000a\u0009AdminId VARCHAR(5) PRIMARY KEY,\u000a\u0009Password VARCHAR(200) NOT NULL,\u000a\u0009UNIQUE (AdminId)\u0009\u000a)\u000a\u000a
DROP TABLE Administrator if exists\u000a
DROP TABLE Employeess if exists\u000a\u000a
CREATE TABLE Administrator\u000a(\u000a\u0009AdminId VARCHAR(5) PRIMARY KEY,\u000a\u0009Password VARCHAR(200) NOT NULL,\u000a\u0009UNIQUE (AdminId)\u0009\u000a)\u000a\u000a
CREATE TABLE Employees\u000a(\u000a\u0009EmployeeId VARCHAR(5) PRIMARY KEY,\u000a\u0009Password VARCHAR(10) NOT NULL,\u000a\u0009Name VARCHAR(25) NOT NULL,\u000a\u0009Title VARCHAR(20) NOT NULL,\u000a\u0009Address VARCHAR(40) NOT NULL,\u000a\u0009PhoneNo INT NOT NULL,\u000a\u0009Email VARCHAR(25) NOT NULL,\u000a\u0009UNIQUE (EmployeeId)\u000a)
DROP TABLE Administrator if exists\u000a
DROP TABLE Employeess if exists\u000a
DROP TABLE Resources if exists\u000a\u000a
CREATE TABLE Administrator\u000a(\u000a\u0009AdminId VARCHAR(5) PRIMARY KEY,\u000a\u0009Password VARCHAR(200) NOT NULL,\u000a\u0009UNIQUE (AdminId)\u0009\u000a)\u000a\u000a
DROP TABLE Administrator if exists\u000a
DROP TABLE Employeess if exists\u000a
DROP TABLE Resources if exists\u000a\u000a
CREATE TABLE Administrator\u000a(\u000a\u0009AdminId VARCHAR(5) PRIMARY KEY,\u000a\u0009Password VARCHAR(200) NOT NULL,\u000a\u0009UNIQUE (AdminId)\u0009\u000a)\u000a\u000a
DROP TABLE Administrator if exists\u000a
DROP TABLE Employees if exists\u000a
DROP TABLE Resources if exists\u000a\u000a
CREATE TABLE Administrator\u000a(\u000a\u0009AdminId VARCHAR(5) PRIMARY KEY,\u000a\u0009Password VARCHAR(200) NOT NULL,\u000a\u0009UNIQUE (AdminId)\u0009\u000a)\u000a\u000a
CREATE TABLE Employees\u000a(\u000a\u0009EmployeeId VARCHAR(5) PRIMARY KEY,\u000a\u0009Password VARCHAR(10) NOT NULL,\u000a\u0009Name VARCHAR(25) NOT NULL,\u000a\u0009Title VARCHAR(20) NOT NULL,\u000a\u0009Address VARCHAR(40) NOT NULL,\u000a\u0009PhoneNo INT NOT NULL,\u000a\u0009Email VARCHAR(25) NOT NULL,\u000a\u0009UNIQUE (EmployeeId)\u000a)\u000a\u000a
DROP TABLE Administrator if exists\u000a
DROP TABLE Employees if exists\u000a
DROP TABLE Resources if exists\u000a\u000a
CREATE TABLE Administrator\u000a(\u000a\u0009AdminId VARCHAR(5) PRIMARY KEY,\u000a\u0009Password VARCHAR(200) NOT NULL,\u000a\u0009UNIQUE (AdminId)\u0009\u000a)\u000a\u000a
CREATE TABLE Employees\u000a(\u000a\u0009EmployeeId VARCHAR(5) PRIMARY KEY,\u000a\u0009Password VARCHAR(10) NOT NULL,\u000a\u0009Name VARCHAR(25) NOT NULL,\u000a\u0009Title VARCHAR(20) NOT NULL,\u000a\u0009Address VARCHAR(40) NOT NULL,\u000a\u0009PhoneNo INT NOT NULL,\u000a\u0009Email VARCHAR(25) NOT NULL,\u000a\u0009UNIQUE (EmployeeId)\u000a)\u000a\u000a
CREATE TABLE Resources\u000a(\u000a\u0009ResourceId VARCHAR(5) PRIMARY KEY,\u000a\u0009ResourceType VARCHAR(50) NOT NULL,\u000a\u0009ResourceName VARCHAR(50) NOT NULL,\u000a\u0009Status VARCHAR(150),\u000a\u0009Description VARCHAR(150),\u000a\u0009Purpose VARCHAR(5) NOT NULL,\u000a\u0009EvaluatorId VARCHAR(5) ,\u000a\u0009Date_Entered DATE NOT NULL,\u000a\u0009Date_Required DATE,\u000a\u0009AuthorId VARCHAR(5),\u000a\u0009UNIQUE (ResourceId),\u0009\u000a\u0009FOREIGN KEY (EvaluatorId) REFERENCES Employees (EmployeeId) ON DELETE CASCADE,\u000a\u0009FOREIGN KEY (AuthorId) REFERENCES Employees (EmployeeId) ON DELETE CASCADE\u000a)
INSERT INTO EMPLOYEES VALUES('T0001','password','Ben','CEO','19A Hillview Avenue',96727272,'dnb@gmail.com')
INSERT INTO ADMINISTRATOR VALUES('Admin','password')
DROP TABLE Administrator if exists\u000a
DROP TABLE Administrator if exists\u000a
DROP TABLE Resources if exists\u000a
DROP TABLE Employees if exists\u000a\u000a\u000a
CREATE TABLE Administrator\u000a(\u000a\u0009AdminId VARCHAR(5) PRIMARY KEY,\u000a\u0009Password VARCHAR(200) NOT NULL,\u000a\u0009UNIQUE (AdminId)\u0009\u000a)\u000a\u000a
CREATE TABLE Employees\u000a(\u000a\u0009EmployeeId VARCHAR(5) PRIMARY KEY,\u000a\u0009Password VARCHAR(10) NOT NULL,\u000a\u0009Name VARCHAR(25) NOT NULL,\u000a\u0009Title VARCHAR(20) NOT NULL,\u000a\u0009Address VARCHAR(40) NOT NULL,\u000a\u0009PhoneNo INT NOT NULL,\u000a\u0009Email VARCHAR(25) NOT NULL,\u000a\u0009UNIQUE (EmployeeId)\u000a)\u000a\u000a
CREATE TABLE Resources\u000a(\u000a\u0009ResourceId VARCHAR(5) PRIMARY KEY,\u000a\u0009ResourceType VARCHAR(50) NOT NULL,\u000a\u0009ResourceName VARCHAR(50) NOT NULL,\u000a\u0009Status VARCHAR(150),\u000a\u0009Description VARCHAR(150),\u000a\u0009Purpose VARCHAR(5) NOT NULL,\u000a\u0009EvaluatorId VARCHAR(5) ,\u000a\u0009Date_Entered DATE NOT NULL,\u000a\u0009Date_Required DATE,\u000a\u0009AuthorId VARCHAR(5),\u000a\u0009UNIQUE (ResourceId),\u0009\u000a\u0009FOREIGN KEY (EvaluatorId) REFERENCES Employees (EmployeeId) ON DELETE CASCADE,\u000a\u0009FOREIGN KEY (AuthorId) REFERENCES Employees (EmployeeId) ON DELETE CASCADE\u000a)\u000a
INSERT INTO EMPLOYEES VALUES('T0001','password','Ben','CEO','19A Hillview Avenue',96727272,'dnb@gmail.com')
INSERT INTO ADMINISTRATOR VALUES('Admin','password')
DROP TABLE Administrator if exists\u000a
DROP TABLE Resources if exists\u000a
DROP TABLE Employees if exists\u000a\u000a\u000a
CREATE TABLE Administrator\u000a(\u000a\u0009AdminId VARCHAR(5) PRIMARY KEY,\u000a\u0009Password VARCHAR(200) NOT NULL,\u000a\u0009UNIQUE (AdminId)\u0009\u000a)\u000a\u000a
CREATE TABLE Employees\u000a(\u000a\u0009EmployeeId VARCHAR(5) PRIMARY KEY,\u000a\u0009Password VARCHAR(10) NOT NULL,\u000a\u0009Name VARCHAR(25) NOT NULL,\u000a\u0009Title VARCHAR(20) NOT NULL,\u000a\u0009Address VARCHAR(40) NOT NULL,\u000a\u0009PhoneNo INT NOT NULL,\u000a\u0009Email VARCHAR(25) NOT NULL,\u000a\u0009UNIQUE (EmployeeId)\u000a)\u000a\u000a
CREATE TABLE Resources\u000a(\u000a\u0009ResourceId VARCHAR(5) PRIMARY KEY,\u000a\u0009ResourceType VARCHAR(50) NOT NULL,\u000a\u0009ResourceName VARCHAR(50) NOT NULL,\u000a\u0009Status VARCHAR(150),\u000a\u0009Description VARCHAR(150),\u000a\u0009Purpose VARCHAR(5),\u000a\u0009EvaluatorId VARCHAR(5) ,\u000a\u0009Date_Entered DATE NOT NULL,\u000a\u0009Date_Required DATE,\u000a\u0009AuthorId VARCHAR(5),\u000a\u0009UNIQUE (ResourceId),\u0009\u000a\u0009FOREIGN KEY (EvaluatorId) REFERENCES Employees (EmployeeId) ON DELETE CASCADE,\u000a\u0009FOREIGN KEY (AuthorId) REFERENCES Employees (EmployeeId) ON DELETE CASCADE\u000a)\u000a
INSERT INTO EMPLOYEES VALUES('T0001','password','Ben','CEO','19A Hillview Avenue',96727272,'dnb@gmail.com')
INSERT INTO ADMINISTRATOR VALUES('Admin','password')
DROP TABLE Administrator if exists\u000a
DROP TABLE Resources if exists\u000a
DROP TABLE Employees if exists\u000a\u000a\u000a
CREATE TABLE Administrator\u000a(\u000a\u0009AdminId VARCHAR(5) PRIMARY KEY,\u000a\u0009Password VARCHAR(200) NOT NULL,\u000a\u0009UNIQUE (AdminId)\u0009\u000a)\u000a\u000a
CREATE TABLE Employees\u000a(\u000a\u0009EmployeeId VARCHAR(5) PRIMARY KEY,\u000a\u0009Password VARCHAR(10) NOT NULL,\u000a\u0009Name VARCHAR(25) NOT NULL,\u000a\u0009Title VARCHAR(20) NOT NULL,\u000a\u0009Address VARCHAR(40) NOT NULL,\u000a\u0009PhoneNo INT NOT NULL,\u000a\u0009Email VARCHAR(25) NOT NULL,\u000a\u0009UNIQUE (EmployeeId)\u000a)\u000a\u000a
CREATE TABLE Resources\u000a(\u000a\u0009ResourceId VARCHAR(5) PRIMARY KEY,\u000a\u0009ResourceType VARCHAR(50) NOT NULL,\u000a\u0009ResourceName VARCHAR(50) NOT NULL,\u000a\u0009Status VARCHAR(150),\u000a\u0009Description VARCHAR(150),\u000a\u0009Purpose VARCHAR(5),\u000a\u0009EvaluatorId VARCHAR(5) ,\u000a\u0009Date_Entered DATE,\u000a\u0009Date_Required DATE,\u000a\u0009AuthorId VARCHAR(5),\u000a\u0009UNIQUE (ResourceId),\u0009\u000a\u0009FOREIGN KEY (EvaluatorId) REFERENCES Employees (EmployeeId) ON DELETE CASCADE,\u000a\u0009FOREIGN KEY (AuthorId) REFERENCES Employees (EmployeeId) ON DELETE CASCADE\u000a)\u000a
INSERT INTO EMPLOYEES VALUES('T0001','password','Ben','CEO','19A Hillview Avenue',96727272,'dnb@gmail.com')
INSERT INTO ADMINISTRATOR VALUES('Admin','password')
INSERT INTO RESOURCES VALUES('RS001','Reference','IT309 \u2013 System development & implementation','Functioning','Study guide version 1',NULL,NULL,NULL,NULL,NULL)
DISCONNECT
